<?xml version="1.0" encoding="UTF-8"?>
<!-- Generated by org.testng.reporters.JUnitXMLReporter -->
<testsuite ignored="0" hostname="TISRNT07" failures="0" tests="6" name="Default test" time="123.778" errors="0" timestamp="2024-05-02T12:12:20 IST">
  <testcase classname="PaltalkAutomation.TestPaltalkWebpage" name="testPaltalkFeaturesPage" time="9.217"/>
  <testcase classname="PaltalkAutomation.TestPaltalkWebpage" name="testPaltalkMembersPage" time="19.417"/>
  <testcase classname="PaltalkAutomation.TestPaltalkWebpage" name="testAge" time="22.017"/>
  <testcase classname="PaltalkAutomation.TestPaltalkWebpage" name="testFilters" time="5.845"/>
  <testcase classname="PaltalkAutomation.TestPaltalkWebpage" name="testChatRoom" time="48.25"/>
  <testcase classname="PaltalkAutomation.TestPaltalkWebpage" name="testProducts" time="6.699"/>
</testsuite> <!-- Default test -->
